\BOOKMARK [0][-]{chapter.1}{\376\377\0001\000\040\000N\000a\000m\000e\000s\000p\000a\000c\000e\000\040\000I\000n\000d\000e\000x}{}% 1
\BOOKMARK [1][-]{section.1.1}{\376\377\0001\000.\0001\000\040\000N\000a\000m\000e\000s\000p\000a\000c\000e\000\040\000L\000i\000s\000t}{chapter.1}% 2
\BOOKMARK [0][-]{chapter.2}{\376\377\0002\000\040\000H\000i\000e\000r\000a\000r\000c\000h\000i\000c\000a\000l\000\040\000I\000n\000d\000e\000x}{}% 3
\BOOKMARK [1][-]{section.2.1}{\376\377\0002\000.\0001\000\040\000C\000l\000a\000s\000s\000\040\000H\000i\000e\000r\000a\000r\000c\000h\000y}{chapter.2}% 4
\BOOKMARK [0][-]{chapter.3}{\376\377\0003\000\040\000C\000l\000a\000s\000s\000\040\000I\000n\000d\000e\000x}{}% 5
\BOOKMARK [1][-]{section.3.1}{\376\377\0003\000.\0001\000\040\000C\000l\000a\000s\000s\000\040\000L\000i\000s\000t}{chapter.3}% 6
\BOOKMARK [0][-]{chapter.4}{\376\377\0004\000\040\000N\000a\000m\000e\000s\000p\000a\000c\000e\000\040\000D\000o\000c\000u\000m\000e\000n\000t\000a\000t\000i\000o\000n}{}% 7
\BOOKMARK [1][-]{section.4.1}{\376\377\0004\000.\0001\000\040\000k\000p\000i\000M\000v\000c\000A\000p\000i\000\040\000N\000a\000m\000e\000s\000p\000a\000c\000e\000\040\000R\000e\000f\000e\000r\000e\000n\000c\000e}{chapter.4}% 8
\BOOKMARK [1][-]{section.4.2}{\376\377\0004\000.\0002\000\040\000k\000p\000i\000M\000v\000c\000A\000p\000i\000.\000C\000o\000n\000t\000r\000o\000l\000l\000e\000r\000s\000\040\000N\000a\000m\000e\000s\000p\000a\000c\000e\000\040\000R\000e\000f\000e\000r\000e\000n\000c\000e}{chapter.4}% 9
\BOOKMARK [2][-]{subsection.4.2.1}{\376\377\0004\000.\0002\000.\0001\000\040\000D\000e\000t\000a\000i\000l\000e\000d\000\040\000D\000e\000s\000c\000r\000i\000p\000t\000i\000o\000n}{section.4.2}% 10
\BOOKMARK [1][-]{section.4.3}{\376\377\0004\000.\0003\000\040\000k\000p\000i\000M\000v\000c\000A\000p\000i\000.\000D\000a\000t\000a\000T\000r\000a\000n\000s\000f\000e\000r\000O\000b\000j\000e\000c\000t\000s\000\040\000N\000a\000m\000e\000s\000p\000a\000c\000e\000\040\000R\000e\000f\000e\000r\000e\000n\000c\000e}{chapter.4}% 11
\BOOKMARK [1][-]{section.4.4}{\376\377\0004\000.\0004\000\040\000k\000p\000i\000M\000v\000c\000A\000p\000i\000.\000M\000o\000d\000e\000l\000s\000\040\000N\000a\000m\000e\000s\000p\000a\000c\000e\000\040\000R\000e\000f\000e\000r\000e\000n\000c\000e}{chapter.4}% 12
\BOOKMARK [0][-]{chapter.5}{\376\377\0005\000\040\000C\000l\000a\000s\000s\000\040\000D\000o\000c\000u\000m\000e\000n\000t\000a\000t\000i\000o\000n}{}% 13
\BOOKMARK [1][-]{section.5.1}{\376\377\0005\000.\0001\000\040\000k\000p\000i\000M\000v\000c\000A\000p\000i\000.\000D\000a\000t\000a\000T\000r\000a\000n\000s\000f\000e\000r\000O\000b\000j\000e\000c\000t\000s\000.\000D\000a\000t\000a\000D\000t\000o\000\040\000C\000l\000a\000s\000s\000\040\000R\000e\000f\000e\000r\000e\000n\000c\000e}{chapter.5}% 14
\BOOKMARK [1][-]{section.5.2}{\376\377\0005\000.\0002\000\040\000k\000p\000i\000M\000v\000c\000A\000p\000i\000.\000D\000a\000t\000a\000T\000r\000a\000n\000s\000f\000e\000r\000O\000b\000j\000e\000c\000t\000s\000.\000D\000a\000t\000a\000D\000t\000o\000R\000s\000\040\000C\000l\000a\000s\000s\000\040\000R\000e\000f\000e\000r\000e\000n\000c\000e}{chapter.5}% 15
\BOOKMARK [1][-]{section.5.3}{\376\377\0005\000.\0003\000\040\000k\000p\000i\000M\000v\000c\000A\000p\000i\000.\000D\000a\000t\000a\000T\000r\000a\000n\000s\000f\000e\000r\000O\000b\000j\000e\000c\000t\000s\000.\000D\000e\000l\000i\000v\000e\000r\000y\000D\000a\000t\000a\000D\000t\000o\000\040\000C\000l\000a\000s\000s\000\040\000R\000e\000f\000e\000r\000e\000n\000c\000e}{chapter.5}% 16
\BOOKMARK [1][-]{section.5.4}{\376\377\0005\000.\0004\000\040\000k\000p\000i\000M\000v\000c\000A\000p\000i\000.\000D\000a\000t\000a\000T\000r\000a\000n\000s\000f\000e\000r\000O\000b\000j\000e\000c\000t\000s\000.\000D\000e\000l\000i\000v\000e\000r\000y\000D\000a\000t\000a\000D\000t\000o\000R\000s\000\040\000C\000l\000a\000s\000s\000\040\000R\000e\000f\000e\000r\000e\000n\000c\000e}{chapter.5}% 17
\BOOKMARK [1][-]{section.5.5}{\376\377\0005\000.\0005\000\040\000k\000p\000i\000M\000v\000c\000A\000p\000i\000.\000C\000o\000n\000t\000r\000o\000l\000l\000e\000r\000s\000.\000D\000i\000a\000g\000r\000a\000m\000d\000a\000t\000a\000C\000o\000n\000t\000r\000o\000l\000l\000e\000r\000\040\000C\000l\000a\000s\000s\000\040\000R\000e\000f\000e\000r\000e\000n\000c\000e}{chapter.5}% 18
\BOOKMARK [1][-]{section.5.6}{\376\377\0005\000.\0006\000\040\000k\000p\000i\000M\000v\000c\000A\000p\000i\000.\000D\000a\000t\000a\000T\000r\000a\000n\000s\000f\000e\000r\000O\000b\000j\000e\000c\000t\000s\000.\000D\000i\000a\000g\000r\000a\000m\000d\000a\000t\000a\000D\000t\000o\000\040\000C\000l\000a\000s\000s\000\040\000R\000e\000f\000e\000r\000e\000n\000c\000e}{chapter.5}% 19
\BOOKMARK [1][-]{section.5.7}{\376\377\0005\000.\0007\000\040\000k\000p\000i\000M\000v\000c\000A\000p\000i\000.\000D\000a\000t\000a\000T\000r\000a\000n\000s\000f\000e\000r\000O\000b\000j\000e\000c\000t\000s\000.\000D\000i\000a\000g\000r\000a\000m\000d\000a\000t\000a\000D\000t\000o\000R\000e\000p\000o\000\040\000C\000l\000a\000s\000s\000\040\000R\000e\000f\000e\000r\000e\000n\000c\000e}{chapter.5}% 20
\BOOKMARK [1][-]{section.5.8}{\376\377\0005\000.\0008\000\040\000k\000p\000i\000M\000v\000c\000A\000p\000i\000.\000M\000o\000d\000e\000l\000s\000.\000e\000C\000o\000u\000n\000t\000r\000y\000\040\000C\000l\000a\000s\000s\000\040\000R\000e\000f\000e\000r\000e\000n\000c\000e}{chapter.5}% 21
\BOOKMARK [1][-]{section.5.9}{\376\377\0005\000.\0009\000\040\000k\000p\000i\000M\000v\000c\000A\000p\000i\000.\000M\000o\000d\000e\000l\000s\000.\000e\000D\000e\000l\000i\000v\000e\000r\000y\000\040\000C\000l\000a\000s\000s\000\040\000R\000e\000f\000e\000r\000e\000n\000c\000e}{chapter.5}% 22
\BOOKMARK [1][-]{section.5.10}{\376\377\0005\000.\0001\0000\000\040\000k\000p\000i\000M\000v\000c\000A\000p\000i\000.\000M\000o\000d\000e\000l\000s\000.\000e\000K\000v\000p\000\040\000C\000l\000a\000s\000s\000\040\000R\000e\000f\000e\000r\000e\000n\000c\000e}{chapter.5}% 23
\BOOKMARK [1][-]{section.5.11}{\376\377\0005\000.\0001\0001\000\040\000k\000p\000i\000M\000v\000c\000A\000p\000i\000.\000M\000o\000d\000e\000l\000s\000.\000e\000K\000v\000p\000C\000l\000a\000s\000s\000\040\000C\000l\000a\000s\000s\000\040\000R\000e\000f\000e\000r\000e\000n\000c\000e}{chapter.5}% 24
\BOOKMARK [1][-]{section.5.12}{\376\377\0005\000.\0001\0002\000\040\000k\000p\000i\000M\000v\000c\000A\000p\000i\000.\000M\000o\000d\000e\000l\000s\000.\000e\000K\000v\000p\000S\000t\000a\000t\000e\000\040\000C\000l\000a\000s\000s\000\040\000R\000e\000f\000e\000r\000e\000n\000c\000e}{chapter.5}% 25
\BOOKMARK [1][-]{section.5.13}{\376\377\0005\000.\0001\0003\000\040\000k\000p\000i\000M\000v\000c\000A\000p\000i\000.\000M\000o\000d\000e\000l\000s\000.\000e\000P\000c\000b\000C\000l\000a\000s\000s\000\040\000C\000l\000a\000s\000s\000\040\000R\000e\000f\000e\000r\000e\000n\000c\000e}{chapter.5}% 26
\BOOKMARK [1][-]{section.5.14}{\376\377\0005\000.\0001\0004\000\040\000k\000p\000i\000M\000v\000c\000A\000p\000i\000.\000M\000o\000d\000e\000l\000s\000.\000e\000P\000c\000b\000D\000a\000i\000l\000y\000\040\000C\000l\000a\000s\000s\000\040\000R\000e\000f\000e\000r\000e\000n\000c\000e}{chapter.5}% 27
\BOOKMARK [1][-]{section.5.15}{\376\377\0005\000.\0001\0005\000\040\000k\000p\000i\000M\000v\000c\000A\000p\000i\000.\000M\000o\000d\000e\000l\000s\000.\000e\000P\000c\000b\000G\000e\000n\000e\000r\000a\000t\000i\000o\000n\000\040\000C\000l\000a\000s\000s\000\040\000R\000e\000f\000e\000r\000e\000n\000c\000e}{chapter.5}% 28
\BOOKMARK [1][-]{section.5.16}{\376\377\0005\000.\0001\0006\000\040\000k\000p\000i\000M\000v\000c\000A\000p\000i\000.\000C\000o\000n\000t\000r\000o\000l\000l\000e\000r\000s\000.\000E\000x\000p\000o\000r\000t\000C\000o\000n\000t\000r\000o\000l\000l\000e\000r\000\040\000C\000l\000a\000s\000s\000\040\000R\000e\000f\000e\000r\000e\000n\000c\000e}{chapter.5}% 29
\BOOKMARK [2][-]{subsection.5.16.1}{\376\377\0005\000.\0001\0006\000.\0001\000\040\000D\000e\000t\000a\000i\000l\000e\000d\000\040\000D\000e\000s\000c\000r\000i\000p\000t\000i\000o\000n}{section.5.16}% 30
\BOOKMARK [2][-]{subsection.5.16.2}{\376\377\0005\000.\0001\0006\000.\0002\000\040\000M\000e\000m\000b\000e\000r\000\040\000F\000u\000n\000c\000t\000i\000o\000n\000\040\000D\000o\000c\000u\000m\000e\000n\000t\000a\000t\000i\000o\000n}{section.5.16}% 31
\BOOKMARK [3][-]{subsubsection.5.16.2.1}{\376\377\0005\000.\0001\0006\000.\0002\000.\0001\000\040\000D\000e\000l\000i\000v\000e\000r\000y\000T\000o\000E\000x\000c\000e\000l\000\050\000\051}{subsection.5.16.2}% 32
\BOOKMARK [3][-]{subsubsection.5.16.2.2}{\376\377\0005\000.\0001\0006\000.\0002\000.\0002\000\040\000K\000v\000p\000D\000a\000t\000a\000T\000o\000E\000x\000c\000e\000l\000\050\000\051}{subsection.5.16.2}% 33
\BOOKMARK [3][-]{subsubsection.5.16.2.3}{\376\377\0005\000.\0001\0006\000.\0002\000.\0003\000\040\000P\000r\000o\000d\000D\000a\000t\000a\000T\000o\000E\000x\000c\000e\000l\000\050\000\051}{subsection.5.16.2}% 34
\BOOKMARK [1][-]{section.5.17}{\376\377\0005\000.\0001\0007\000\040\000k\000p\000i\000M\000v\000c\000A\000p\000i\000.\000G\000l\000o\000b\000a\000l\000\040\000C\000l\000a\000s\000s\000\040\000R\000e\000f\000e\000r\000e\000n\000c\000e}{chapter.5}% 35
\BOOKMARK [1][-]{section.5.18}{\376\377\0005\000.\0001\0008\000\040\000k\000p\000i\000M\000v\000c\000A\000p\000i\000.\000C\000o\000n\000t\000r\000o\000l\000l\000e\000r\000s\000.\000H\000o\000m\000e\000C\000o\000n\000t\000r\000o\000l\000l\000e\000r\000\040\000C\000l\000a\000s\000s\000\040\000R\000e\000f\000e\000r\000e\000n\000c\000e}{chapter.5}% 36
\BOOKMARK [2][-]{subsection.5.18.1}{\376\377\0005\000.\0001\0008\000.\0001\000\040\000D\000e\000t\000a\000i\000l\000e\000d\000\040\000D\000e\000s\000c\000r\000i\000p\000t\000i\000o\000n}{section.5.18}% 37
\BOOKMARK [2][-]{subsection.5.18.2}{\376\377\0005\000.\0001\0008\000.\0002\000\040\000M\000e\000m\000b\000e\000r\000\040\000F\000u\000n\000c\000t\000i\000o\000n\000\040\000D\000o\000c\000u\000m\000e\000n\000t\000a\000t\000i\000o\000n}{section.5.18}% 38
\BOOKMARK [3][-]{subsubsection.5.18.2.1}{\376\377\0005\000.\0001\0008\000.\0002\000.\0001\000\040\000D\000e\000l\000i\000v\000e\000r\000y\000\050\000\051}{subsection.5.18.2}% 39
\BOOKMARK [3][-]{subsubsection.5.18.2.2}{\376\377\0005\000.\0001\0008\000.\0002\000.\0002\000\040\000F\000r\000a\000m\000e\000\050\000\051}{subsection.5.18.2}% 40
\BOOKMARK [3][-]{subsubsection.5.18.2.3}{\376\377\0005\000.\0001\0008\000.\0002\000.\0003\000\040\000H\000o\000m\000e\000\050\000\051}{subsection.5.18.2}% 41
\BOOKMARK [3][-]{subsubsection.5.18.2.4}{\376\377\0005\000.\0001\0008\000.\0002\000.\0004\000\040\000I\000n\000d\000e\000x\000\050\000\051}{subsection.5.18.2}% 42
\BOOKMARK [3][-]{subsubsection.5.18.2.5}{\376\377\0005\000.\0001\0008\000.\0002\000.\0005\000\040\000K\000v\000p\000\050\000\051}{subsection.5.18.2}% 43
\BOOKMARK [3][-]{subsubsection.5.18.2.6}{\376\377\0005\000.\0001\0008\000.\0002\000.\0006\000\040\000P\000r\000o\000d\000u\000c\000t\000i\000o\000n\000D\000a\000t\000a\000\050\000\051}{subsection.5.18.2}% 44
\BOOKMARK [3][-]{subsubsection.5.18.2.7}{\376\377\0005\000.\0001\0008\000.\0002\000.\0007\000\040\000U\000s\000e\000r\000L\000o\000g\000i\000n\000\050\000\051}{subsection.5.18.2}% 45
\BOOKMARK [1][-]{section.5.19}{\376\377\0005\000.\0001\0009\000\040\000k\000p\000i\000M\000v\000c\000A\000p\000i\000.\000C\000o\000n\000t\000r\000o\000l\000l\000e\000r\000s\000.\000K\000p\000i\000d\000a\000t\000a\000C\000o\000n\000t\000r\000o\000l\000l\000e\000r\000\040\000C\000l\000a\000s\000s\000\040\000R\000e\000f\000e\000r\000e\000n\000c\000e}{chapter.5}% 46
\BOOKMARK [2][-]{subsection.5.19.1}{\376\377\0005\000.\0001\0009\000.\0001\000\040\000D\000e\000t\000a\000i\000l\000e\000d\000\040\000D\000e\000s\000c\000r\000i\000p\000t\000i\000o\000n}{section.5.19}% 47
\BOOKMARK [2][-]{subsection.5.19.2}{\376\377\0005\000.\0001\0009\000.\0002\000\040\000M\000e\000m\000b\000e\000r\000\040\000F\000u\000n\000c\000t\000i\000o\000n\000\040\000D\000o\000c\000u\000m\000e\000n\000t\000a\000t\000i\000o\000n}{section.5.19}% 48
\BOOKMARK [3][-]{subsubsection.5.19.2.1}{\376\377\0005\000.\0001\0009\000.\0002\000.\0001\000\040\000g\000e\000t\000P\000r\000o\000d\000u\000c\000t\000i\000o\000n\000D\000a\000t\000a\000\050\000\051\000\040\000[\0001\000/\0003\000]}{subsection.5.19.2}% 49
\BOOKMARK [3][-]{subsubsection.5.19.2.2}{\376\377\0005\000.\0001\0009\000.\0002\000.\0002\000\040\000g\000e\000t\000P\000r\000o\000d\000u\000c\000t\000i\000o\000n\000D\000a\000t\000a\000\050\000\051\000\040\000[\0002\000/\0003\000]}{subsection.5.19.2}% 50
\BOOKMARK [3][-]{subsubsection.5.19.2.3}{\376\377\0005\000.\0001\0009\000.\0002\000.\0003\000\040\000g\000e\000t\000P\000r\000o\000d\000u\000c\000t\000i\000o\000n\000D\000a\000t\000a\000\050\000\051\000\040\000[\0003\000/\0003\000]}{subsection.5.19.2}% 51
\BOOKMARK [1][-]{section.5.20}{\376\377\0005\000.\0002\0000\000\040\000k\000p\000i\000M\000v\000c\000A\000p\000i\000.\000M\000o\000d\000e\000l\000s\000.\000k\000p\000i\000d\000b\000E\000n\000t\000i\000t\000i\000e\000s\0001\000\040\000C\000l\000a\000s\000s\000\040\000R\000e\000f\000e\000r\000e\000n\000c\000e}{chapter.5}% 52
\BOOKMARK [1][-]{section.5.21}{\376\377\0005\000.\0002\0001\000\040\000k\000p\000i\000M\000v\000c\000A\000p\000i\000.\000D\000a\000t\000a\000T\000r\000a\000n\000s\000f\000e\000r\000O\000b\000j\000e\000c\000t\000s\000.\000K\000v\000p\000D\000a\000t\000a\000D\000t\000o\000\040\000C\000l\000a\000s\000s\000\040\000R\000e\000f\000e\000r\000e\000n\000c\000e}{chapter.5}% 53
\BOOKMARK [1][-]{section.5.22}{\376\377\0005\000.\0002\0002\000\040\000k\000p\000i\000M\000v\000c\000A\000p\000i\000.\000D\000a\000t\000a\000T\000r\000a\000n\000s\000f\000e\000r\000O\000b\000j\000e\000c\000t\000s\000.\000K\000v\000p\000D\000a\000t\000a\000D\000t\000o\000R\000s\000\040\000C\000l\000a\000s\000s\000\040\000R\000e\000f\000e\000r\000e\000n\000c\000e}{chapter.5}% 54
\BOOKMARK [1][-]{section.5.23}{\376\377\0005\000.\0002\0003\000\040\000k\000p\000i\000M\000v\000c\000A\000p\000i\000.\000D\000a\000t\000a\000T\000r\000a\000n\000s\000f\000e\000r\000O\000b\000j\000e\000c\000t\000s\000.\000K\000v\000p\000D\000t\000o\000\040\000C\000l\000a\000s\000s\000\040\000R\000e\000f\000e\000r\000e\000n\000c\000e}{chapter.5}% 55
\BOOKMARK [1][-]{section.5.24}{\376\377\0005\000.\0002\0004\000\040\000k\000p\000i\000M\000v\000c\000A\000p\000i\000.\000D\000a\000t\000a\000T\000r\000a\000n\000s\000f\000e\000r\000O\000b\000j\000e\000c\000t\000s\000.\000P\000r\000o\000d\000u\000c\000t\000i\000o\000n\000D\000a\000t\000a\000D\000t\000o\000\040\000C\000l\000a\000s\000s\000\040\000R\000e\000f\000e\000r\000e\000n\000c\000e}{chapter.5}% 56
\BOOKMARK [2][-]{subsection.5.24.1}{\376\377\0005\000.\0002\0004\000.\0001\000\040\000D\000e\000t\000a\000i\000l\000e\000d\000\040\000D\000e\000s\000c\000r\000i\000p\000t\000i\000o\000n}{section.5.24}% 57
\BOOKMARK [2][-]{subsection.5.24.2}{\376\377\0005\000.\0002\0004\000.\0002\000\040\000P\000r\000o\000p\000e\000r\000t\000y\000\040\000D\000o\000c\000u\000m\000e\000n\000t\000a\000t\000i\000o\000n}{section.5.24}% 58
\BOOKMARK [3][-]{subsubsection.5.24.2.1}{\376\377\0005\000.\0002\0004\000.\0002\000.\0001\000\040\000P\000c\000b\000C\000l\000a\000s\000s\000I\000d}{subsection.5.24.2}% 59
\BOOKMARK [3][-]{subsubsection.5.24.2.2}{\376\377\0005\000.\0002\0004\000.\0002\000.\0002\000\040\000P\000c\000b\000C\000l\000a\000s\000s\000N\000a\000m\000e}{subsection.5.24.2}% 60
\BOOKMARK [3][-]{subsubsection.5.24.2.3}{\376\377\0005\000.\0002\0004\000.\0002\000.\0003\000\040\000P\000c\000b\000D\000a\000i\000l\000y\000I\000d}{subsection.5.24.2}% 61
\BOOKMARK [3][-]{subsubsection.5.24.2.4}{\376\377\0005\000.\0002\0004\000.\0002\000.\0004\000\040\000P\000c\000b\000G\000e\000n\000e\000r\000a\000t\000i\000o\000n\000I\000d}{subsection.5.24.2}% 62
\BOOKMARK [3][-]{subsubsection.5.24.2.5}{\376\377\0005\000.\0002\0004\000.\0002\000.\0005\000\040\000P\000c\000b\000G\000e\000n\000e\000r\000a\000t\000i\000o\000n\000N\000a\000m\000e}{subsection.5.24.2}% 63
\BOOKMARK [3][-]{subsubsection.5.24.2.6}{\376\377\0005\000.\0002\0004\000.\0002\000.\0006\000\040\000P\000c\000b\000Q\000u\000a\000n\000t\000i\000t\000y}{subsection.5.24.2}% 64
\BOOKMARK [3][-]{subsubsection.5.24.2.7}{\376\377\0005\000.\0002\0004\000.\0002\000.\0007\000\040\000P\000c\000b\000S\000u\000m\000P\000r\000i\000c\000e}{subsection.5.24.2}% 65
\BOOKMARK [3][-]{subsubsection.5.24.2.8}{\376\377\0005\000.\0002\0004\000.\0002\000.\0008\000\040\000P\000r\000o\000d\000u\000c\000t\000i\000o\000n\000D\000a\000y}{subsection.5.24.2}% 66
\BOOKMARK [1][-]{section.5.25}{\376\377\0005\000.\0002\0005\000\040\000k\000p\000i\000M\000v\000c\000A\000p\000i\000.\000D\000a\000t\000a\000T\000r\000a\000n\000s\000f\000e\000r\000O\000b\000j\000e\000c\000t\000s\000.\000P\000r\000o\000d\000u\000c\000t\000i\000o\000n\000D\000a\000t\000a\000D\000t\000o\000R\000s\000\040\000C\000l\000a\000s\000s\000\040\000R\000e\000f\000e\000r\000e\000n\000c\000e}{chapter.5}% 67
\BOOKMARK [2][-]{subsection.5.25.1}{\376\377\0005\000.\0002\0005\000.\0001\000\040\000D\000e\000t\000a\000i\000l\000e\000d\000\040\000D\000e\000s\000c\000r\000i\000p\000t\000i\000o\000n}{section.5.25}% 68
\BOOKMARK [2][-]{subsection.5.25.2}{\376\377\0005\000.\0002\0005\000.\0002\000\040\000M\000e\000m\000b\000e\000r\000\040\000F\000u\000n\000c\000t\000i\000o\000n\000\040\000D\000o\000c\000u\000m\000e\000n\000t\000a\000t\000i\000o\000n}{section.5.25}% 69
\BOOKMARK [3][-]{subsubsection.5.25.2.1}{\376\377\0005\000.\0002\0005\000.\0002\000.\0001\000\040\000g\000e\000t\000D\000a\000t\000a\000\050\000\051}{subsection.5.25.2}% 70
\BOOKMARK [2][-]{subsection.5.25.3}{\376\377\0005\000.\0002\0005\000.\0003\000\040\000P\000r\000o\000p\000e\000r\000t\000y\000\040\000D\000o\000c\000u\000m\000e\000n\000t\000a\000t\000i\000o\000n}{section.5.25}% 71
\BOOKMARK [3][-]{subsubsection.5.25.3.1}{\376\377\0005\000.\0002\0005\000.\0003\000.\0001\000\040\000P\000r\000o\000d\000u\000c\000t\000i\000o\000n\000D\000a\000t\000a\000R\000s}{subsection.5.25.3}% 72
\BOOKMARK [1][-]{section.5.26}{\376\377\0005\000.\0002\0006\000\040\000k\000p\000i\000M\000v\000c\000A\000p\000i\000.\000R\000o\000u\000t\000e\000C\000o\000n\000f\000i\000g\000\040\000C\000l\000a\000s\000s\000\040\000R\000e\000f\000e\000r\000e\000n\000c\000e}{chapter.5}% 73
\BOOKMARK [2][-]{subsection.5.26.1}{\376\377\0005\000.\0002\0006\000.\0001\000\040\000D\000e\000t\000a\000i\000l\000e\000d\000\040\000D\000e\000s\000c\000r\000i\000p\000t\000i\000o\000n}{section.5.26}% 74
\BOOKMARK [2][-]{subsection.5.26.2}{\376\377\0005\000.\0002\0006\000.\0002\000\040\000M\000e\000m\000b\000e\000r\000\040\000F\000u\000n\000c\000t\000i\000o\000n\000\040\000D\000o\000c\000u\000m\000e\000n\000t\000a\000t\000i\000o\000n}{section.5.26}% 75
\BOOKMARK [3][-]{subsubsection.5.26.2.1}{\376\377\0005\000.\0002\0006\000.\0002\000.\0001\000\040\000R\000e\000g\000i\000s\000t\000e\000r\000R\000o\000u\000t\000e\000s\000\050\000\051}{subsection.5.26.2}% 76
\BOOKMARK [1][-]{section.5.27}{\376\377\0005\000.\0002\0007\000\040\000k\000p\000i\000M\000v\000c\000A\000p\000i\000.\000M\000o\000d\000e\000l\000s\000.\000S\000i\000t\000e\000M\000o\000d\000e\000l\000\040\000C\000l\000a\000s\000s\000\040\000R\000e\000f\000e\000r\000e\000n\000c\000e}{chapter.5}% 77
